<?xml version="1.0" encoding="UTF-8"?>
<coverage generated="1677850478377" clover="3.2.0">
  <project timestamp="1677850478377" name="All files">
    <metrics statements="11" coveredstatements="11" conditionals="9" coveredconditionals="9" methods="2" coveredmethods="2" elements="22" coveredelements="22" complexity="0" loc="11" ncloc="11" packages="1" files="2" classes="2"/>
    <file name="validatePassword.js" path="C:\Users\JuriSkljarenko\GitHub\test-driven-development\validatePassword.js">
      <metrics statements="7" coveredstatements="7" conditionals="5" coveredconditionals="5" methods="1" coveredmethods="1"/>
      <line num="2" count="11" type="stmt"/>
      <line num="3" count="11" type="stmt"/>
      <line num="4" count="11" type="stmt"/>
      <line num="5" count="11" type="stmt"/>
      <line num="6" count="11" type="stmt"/>
      <line num="8" count="11" type="cond" truecount="5" falsecount="0"/>
      <line num="10" count="1" type="stmt"/>
    </file>
    <file name="validateUsername.js" path="C:\Users\JuriSkljarenko\GitHub\test-driven-development\validateUsername.js">
      <metrics statements="4" coveredstatements="4" conditionals="4" coveredconditionals="4" methods="1" coveredmethods="1"/>
      <line num="2" count="12" type="cond" truecount="2" falsecount="0"/>
      <line num="3" count="12" type="stmt"/>
      <line num="5" count="12" type="cond" truecount="2" falsecount="0"/>
      <line num="7" count="1" type="stmt"/>
    </file>
  </project>
</coverage>
