{"C:\\testing\\test-driven-development\\validatePassword.js": {"path":"C:\\testing\\test-driven-development\\validatePassword.js","statementMap":{"0":{"start":{"line":2,"column":24},"end":{"line":2,"column":44}},"1":{"start":{"line":3,"column":20},"end":{"line":3,"column":43}},"2":{"start":{"line":4,"column":30},"end":{"line":4,"column":53}},"3":{"start":{"line":5,"column":30},"end":{"line":5,"column":53}},"4":{"start":{"line":6,"column":31},"end":{"line":6,"column":53}},"5":{"start":{"line":8,"column":4},"end":{"line":8,"column":106}},"6":{"start":{"line":10,"column":0},"end":{"line":10,"column":30}}},"fnMap":{"0":{"name":"validPassword","decl":{"start":{"line":1,"column":9},"end":{"line":1,"column":22}},"loc":{"start":{"line":1,"column":33},"end":{"line":9,"column":1}},"line":1}},"branchMap":{"0":{"loc":{"start":{"line":8,"column":11},"end":{"line":8,"column":106}},"type":"binary-expr","locations":[{"start":{"line":8,"column":11},"end":{"line":8,"column":22}},{"start":{"line":8,"column":26},"end":{"line":8,"column":35}},{"start":{"line":8,"column":39},"end":{"line":8,"column":58}},{"start":{"line":8,"column":62},"end":{"line":8,"column":81}},{"start":{"line":8,"column":85},"end":{"line":8,"column":106}}],"line":8}},"s":{"0":11,"1":11,"2":11,"3":11,"4":11,"5":11,"6":1},"f":{"0":11},"b":{"0":[11,8,7,5,4]},"_coverageSchema":"1a1c01bbd47fc00a2c39e90264f33305004495a9","hash":"97f7ea8fc025133e5ffce29bf43463013f4271eb"}
}
