{"C:\\Users\\JuriSkljarenko\\GitHub\\test-driven-development\\validatePassword.js": {"path":"C:\\Users\\JuriSkljarenko\\GitHub\\test-driven-development\\validatePassword.js","statementMap":{"0":{"start":{"line":2,"column":24},"end":{"line":2,"column":44}},"1":{"start":{"line":3,"column":20},"end":{"line":3,"column":43}},"2":{"start":{"line":4,"column":30},"end":{"line":4,"column":53}},"3":{"start":{"line":5,"column":30},"end":{"line":5,"column":53}},"4":{"start":{"line":6,"column":31},"end":{"line":6,"column":53}},"5":{"start":{"line":8,"column":4},"end":{"line":8,"column":106}},"6":{"start":{"line":10,"column":0},"end":{"line":10,"column":30}}},"fnMap":{"0":{"name":"validPassword","decl":{"start":{"line":1,"column":9},"end":{"line":1,"column":22}},"loc":{"start":{"line":1,"column":33},"end":{"line":9,"column":1}},"line":1}},"branchMap":{"0":{"loc":{"start":{"line":8,"column":11},"end":{"line":8,"column":106}},"type":"binary-expr","locations":[{"start":{"line":8,"column":11},"end":{"line":8,"column":22}},{"start":{"line":8,"column":26},"end":{"line":8,"column":35}},{"start":{"line":8,"column":39},"end":{"line":8,"column":58}},{"start":{"line":8,"column":62},"end":{"line":8,"column":81}},{"start":{"line":8,"column":85},"end":{"line":8,"column":106}}],"line":8}},"s":{"0":11,"1":11,"2":11,"3":11,"4":11,"5":11,"6":1},"f":{"0":11},"b":{"0":[11,8,7,5,4]},"_coverageSchema":"1a1c01bbd47fc00a2c39e90264f33305004495a9","hash":"fd4310c5f3b7c4de1a4255cf15de4a2fba0bcb86"}
,"C:\\Users\\JuriSkljarenko\\GitHub\\test-driven-development\\validateUsername.js": {"path":"C:\\Users\\JuriSkljarenko\\GitHub\\test-driven-development\\validateUsername.js","statementMap":{"0":{"start":{"line":2,"column":24},"end":{"line":2,"column":69}},"1":{"start":{"line":3,"column":20},"end":{"line":3,"column":53}},"2":{"start":{"line":5,"column":4},"end":{"line":5,"column":35}},"3":{"start":{"line":7,"column":0},"end":{"line":7,"column":30}}},"fnMap":{"0":{"name":"validUsername","decl":{"start":{"line":1,"column":9},"end":{"line":1,"column":22}},"loc":{"start":{"line":1,"column":33},"end":{"line":6,"column":1}},"line":1}},"branchMap":{"0":{"loc":{"start":{"line":2,"column":24},"end":{"line":2,"column":69}},"type":"binary-expr","locations":[{"start":{"line":2,"column":24},"end":{"line":2,"column":44}},{"start":{"line":2,"column":48},"end":{"line":2,"column":69}}],"line":2},"1":{"loc":{"start":{"line":5,"column":11},"end":{"line":5,"column":35}},"type":"binary-expr","locations":[{"start":{"line":5,"column":11},"end":{"line":5,"column":22}},{"start":{"line":5,"column":26},"end":{"line":5,"column":35}}],"line":5}},"s":{"0":12,"1":12,"2":12,"3":1},"f":{"0":12},"b":{"0":[12,10],"1":[12,9]},"_coverageSchema":"1a1c01bbd47fc00a2c39e90264f33305004495a9","hash":"dcd172d618eb359c3ebabe1a02cccb30595da7dd"}
}
